2023-04-24 10:21:40.900 [background-preinit] INFO  org.hibernate.validator.internal.util.Version - HV000001: Hibernate Validator 8.0.0.Final
2023-04-24 10:21:40.947 [main] INFO  top.lilong.ServerApplication - Starting ServerApplication using Java 17.0.5 with PID 9140 (E:\nangong\大三\practise\api-boot2\api-server\target\classes started by 李龙 in E:\nangong\大三\practise\api-boot2)
2023-04-24 10:21:40.948 [main] INFO  top.lilong.ServerApplication - The following 1 profile is active: "dev"
2023-04-24 10:21:41.727 [main] INFO  o.s.d.r.config.RepositoryConfigurationDelegate - Multiple Spring Data modules found, entering strict repository configuration mode
2023-04-24 10:21:41.730 [main] INFO  o.s.d.r.config.RepositoryConfigurationDelegate - Bootstrapping Spring Data Redis repositories in DEFAULT mode.
2023-04-24 10:21:41.765 [main] INFO  o.s.d.r.config.RepositoryConfigurationDelegate - Finished Spring Data repository scanning in 19 ms. Found 0 Redis repository interfaces.
2023-04-24 10:21:42.390 [main] INFO  o.s.boot.web.embedded.tomcat.TomcatWebServer - Tomcat initialized with port(s): 8080 (http)
2023-04-24 10:21:42.397 [main] INFO  org.apache.coyote.http11.Http11NioProtocol - Initializing ProtocolHandler ["http-nio-8080"]
2023-04-24 10:21:42.398 [main] INFO  org.apache.catalina.core.StandardService - Starting service [Tomcat]
2023-04-24 10:21:42.398 [main] INFO  org.apache.catalina.core.StandardEngine - Starting Servlet engine: [Apache Tomcat/10.1.7]
2023-04-24 10:21:42.488 [main] INFO  o.a.c.core.ContainerBase.[Tomcat].[localhost].[/] - Initializing Spring embedded WebApplicationContext
2023-04-24 10:21:42.488 [main] INFO  o.s.b.w.s.c.ServletWebServerApplicationContext - Root WebApplicationContext: initialization completed in 1508 ms
2023-04-24 10:21:42.992 [main] INFO  org.apache.catalina.core.StandardService - Stopping service [Tomcat]
2023-04-24 10:21:43.002 [main] INFO  o.s.b.a.logging.ConditionEvaluationReportLogger - 

Error starting ApplicationContext. To display the condition evaluation report re-run your application with 'debug' enabled.
2023-04-24 10:24:53.536 [background-preinit] INFO  org.hibernate.validator.internal.util.Version - HV000001: Hibernate Validator 8.0.0.Final
2023-04-24 10:24:53.572 [main] INFO  top.lilong.ServerApplication - Starting ServerApplication using Java 17.0.5 with PID 16168 (E:\nangong\大三\practise\api-boot2\api-server\target\classes started by 李龙 in E:\nangong\大三\practise\api-boot2)
2023-04-24 10:24:53.573 [main] INFO  top.lilong.ServerApplication - The following 1 profile is active: "dev"
2023-04-24 10:24:54.303 [main] INFO  o.s.d.r.config.RepositoryConfigurationDelegate - Multiple Spring Data modules found, entering strict repository configuration mode
2023-04-24 10:24:54.305 [main] INFO  o.s.d.r.config.RepositoryConfigurationDelegate - Bootstrapping Spring Data Redis repositories in DEFAULT mode.
2023-04-24 10:24:54.346 [main] INFO  o.s.d.r.config.RepositoryConfigurationDelegate - Finished Spring Data repository scanning in 27 ms. Found 0 Redis repository interfaces.
2023-04-24 10:24:54.904 [main] INFO  o.s.boot.web.embedded.tomcat.TomcatWebServer - Tomcat initialized with port(s): 8080 (http)
2023-04-24 10:24:54.912 [main] INFO  org.apache.coyote.http11.Http11NioProtocol - Initializing ProtocolHandler ["http-nio-8080"]
2023-04-24 10:24:54.912 [main] INFO  org.apache.catalina.core.StandardService - Starting service [Tomcat]
2023-04-24 10:24:54.912 [main] INFO  org.apache.catalina.core.StandardEngine - Starting Servlet engine: [Apache Tomcat/10.1.7]
2023-04-24 10:24:54.993 [main] INFO  o.a.c.core.ContainerBase.[Tomcat].[localhost].[/] - Initializing Spring embedded WebApplicationContext
2023-04-24 10:24:54.994 [main] INFO  o.s.b.w.s.c.ServletWebServerApplicationContext - Root WebApplicationContext: initialization completed in 1380 ms
2023-04-24 10:24:55.454 [main] INFO  org.apache.catalina.core.StandardService - Stopping service [Tomcat]
2023-04-24 10:24:55.465 [main] INFO  o.s.b.a.logging.ConditionEvaluationReportLogger - 

Error starting ApplicationContext. To display the condition evaluation report re-run your application with 'debug' enabled.
2023-04-24 10:31:24.648 [background-preinit] INFO  org.hibernate.validator.internal.util.Version - HV000001: Hibernate Validator 8.0.0.Final
2023-04-24 10:31:24.688 [main] INFO  top.lilong.ServerApplication - Starting ServerApplication using Java 17.0.5 with PID 15744 (E:\nangong\大三\practise\api-boot2\api-server\target\classes started by 李龙 in E:\nangong\大三\practise\api-boot2)
2023-04-24 10:31:24.688 [main] INFO  top.lilong.ServerApplication - The following 1 profile is active: "dev"
2023-04-24 10:31:25.400 [main] INFO  o.s.d.r.config.RepositoryConfigurationDelegate - Multiple Spring Data modules found, entering strict repository configuration mode
2023-04-24 10:31:25.403 [main] INFO  o.s.d.r.config.RepositoryConfigurationDelegate - Bootstrapping Spring Data Redis repositories in DEFAULT mode.
2023-04-24 10:31:25.430 [main] INFO  o.s.d.r.config.RepositoryConfigurationDelegate - Finished Spring Data repository scanning in 16 ms. Found 0 Redis repository interfaces.
2023-04-24 10:31:26.000 [main] INFO  o.s.boot.web.embedded.tomcat.TomcatWebServer - Tomcat initialized with port(s): 8080 (http)
2023-04-24 10:31:26.007 [main] INFO  org.apache.coyote.http11.Http11NioProtocol - Initializing ProtocolHandler ["http-nio-8080"]
2023-04-24 10:31:26.008 [main] INFO  org.apache.catalina.core.StandardService - Starting service [Tomcat]
2023-04-24 10:31:26.008 [main] INFO  org.apache.catalina.core.StandardEngine - Starting Servlet engine: [Apache Tomcat/10.1.7]
2023-04-24 10:31:26.091 [main] INFO  o.a.c.core.ContainerBase.[Tomcat].[localhost].[/] - Initializing Spring embedded WebApplicationContext
2023-04-24 10:31:26.091 [main] INFO  o.s.b.w.s.c.ServletWebServerApplicationContext - Root WebApplicationContext: initialization completed in 1368 ms
2023-04-24 10:31:26.543 [main] INFO  org.apache.catalina.core.StandardService - Stopping service [Tomcat]
2023-04-24 10:31:26.553 [main] INFO  o.s.b.a.logging.ConditionEvaluationReportLogger - 

Error starting ApplicationContext. To display the condition evaluation report re-run your application with 'debug' enabled.
2023-04-24 10:32:52.497 [background-preinit] INFO  org.hibernate.validator.internal.util.Version - HV000001: Hibernate Validator 8.0.0.Final
2023-04-24 10:32:52.543 [main] INFO  top.lilong.ServerApplication - Starting ServerApplication using Java 17.0.5 with PID 32760 (E:\nangong\大三\practise\api-boot2\api-server\target\classes started by 李龙 in E:\nangong\大三\practise\api-boot2)
2023-04-24 10:32:52.545 [main] INFO  top.lilong.ServerApplication - The following 1 profile is active: "dev"
2023-04-24 10:32:53.255 [main] INFO  o.s.d.r.config.RepositoryConfigurationDelegate - Multiple Spring Data modules found, entering strict repository configuration mode
2023-04-24 10:32:53.257 [main] INFO  o.s.d.r.config.RepositoryConfigurationDelegate - Bootstrapping Spring Data Redis repositories in DEFAULT mode.
2023-04-24 10:32:53.285 [main] INFO  o.s.d.r.config.RepositoryConfigurationDelegate - Finished Spring Data repository scanning in 16 ms. Found 0 Redis repository interfaces.
2023-04-24 10:32:53.850 [main] INFO  o.s.boot.web.embedded.tomcat.TomcatWebServer - Tomcat initialized with port(s): 8080 (http)
2023-04-24 10:32:53.857 [main] INFO  org.apache.coyote.http11.Http11NioProtocol - Initializing ProtocolHandler ["http-nio-8080"]
2023-04-24 10:32:53.858 [main] INFO  org.apache.catalina.core.StandardService - Starting service [Tomcat]
2023-04-24 10:32:53.858 [main] INFO  org.apache.catalina.core.StandardEngine - Starting Servlet engine: [Apache Tomcat/10.1.7]
2023-04-24 10:32:53.935 [main] INFO  o.a.c.core.ContainerBase.[Tomcat].[localhost].[/] - Initializing Spring embedded WebApplicationContext
2023-04-24 10:32:53.935 [main] INFO  o.s.b.w.s.c.ServletWebServerApplicationContext - Root WebApplicationContext: initialization completed in 1348 ms
2023-04-24 10:32:54.401 [main] INFO  org.apache.catalina.core.StandardService - Stopping service [Tomcat]
2023-04-24 10:32:54.411 [main] INFO  o.s.b.a.logging.ConditionEvaluationReportLogger - 

Error starting ApplicationContext. To display the condition evaluation report re-run your application with 'debug' enabled.
2023-04-24 10:35:04.535 [background-preinit] INFO  org.hibernate.validator.internal.util.Version - HV000001: Hibernate Validator 8.0.0.Final
2023-04-24 10:35:04.573 [main] INFO  top.lilong.ServerApplication - Starting ServerApplication using Java 17.0.5 with PID 34096 (E:\nangong\大三\practise\api-boot2\api-server\target\classes started by 李龙 in E:\nangong\大三\practise\api-boot2)
2023-04-24 10:35:04.574 [main] INFO  top.lilong.ServerApplication - The following 1 profile is active: "dev"
2023-04-24 10:35:05.309 [main] INFO  o.s.d.r.config.RepositoryConfigurationDelegate - Multiple Spring Data modules found, entering strict repository configuration mode
2023-04-24 10:35:05.311 [main] INFO  o.s.d.r.config.RepositoryConfigurationDelegate - Bootstrapping Spring Data Redis repositories in DEFAULT mode.
2023-04-24 10:35:05.338 [main] INFO  o.s.d.r.config.RepositoryConfigurationDelegate - Finished Spring Data repository scanning in 15 ms. Found 0 Redis repository interfaces.
2023-04-24 10:35:05.949 [main] INFO  o.s.boot.web.embedded.tomcat.TomcatWebServer - Tomcat initialized with port(s): 8080 (http)
2023-04-24 10:35:05.956 [main] INFO  org.apache.coyote.http11.Http11NioProtocol - Initializing ProtocolHandler ["http-nio-8080"]
2023-04-24 10:35:05.957 [main] INFO  org.apache.catalina.core.StandardService - Starting service [Tomcat]
2023-04-24 10:35:05.957 [main] INFO  org.apache.catalina.core.StandardEngine - Starting Servlet engine: [Apache Tomcat/10.1.7]
2023-04-24 10:35:06.046 [main] INFO  o.a.c.core.ContainerBase.[Tomcat].[localhost].[/] - Initializing Spring embedded WebApplicationContext
2023-04-24 10:35:06.047 [main] INFO  o.s.b.w.s.c.ServletWebServerApplicationContext - Root WebApplicationContext: initialization completed in 1438 ms
2023-04-24 10:35:06.514 [main] INFO  org.apache.catalina.core.StandardService - Stopping service [Tomcat]
2023-04-24 10:35:06.525 [main] INFO  o.s.b.a.logging.ConditionEvaluationReportLogger - 

Error starting ApplicationContext. To display the condition evaluation report re-run your application with 'debug' enabled.
2023-04-24 10:36:21.517 [background-preinit] INFO  org.hibernate.validator.internal.util.Version - HV000001: Hibernate Validator 8.0.0.Final
2023-04-24 10:36:21.562 [main] INFO  top.lilong.ServerApplication - Starting ServerApplication using Java 17.0.5 with PID 18880 (E:\nangong\大三\practise\api-boot2\api-server\target\classes started by 李龙 in E:\nangong\大三\practise\api-boot2)
2023-04-24 10:36:21.563 [main] INFO  top.lilong.ServerApplication - The following 1 profile is active: "dev"
2023-04-24 10:36:22.272 [main] INFO  o.s.d.r.config.RepositoryConfigurationDelegate - Multiple Spring Data modules found, entering strict repository configuration mode
2023-04-24 10:36:22.274 [main] INFO  o.s.d.r.config.RepositoryConfigurationDelegate - Bootstrapping Spring Data Redis repositories in DEFAULT mode.
2023-04-24 10:36:22.301 [main] INFO  o.s.d.r.config.RepositoryConfigurationDelegate - Finished Spring Data repository scanning in 15 ms. Found 0 Redis repository interfaces.
2023-04-24 10:36:22.876 [main] INFO  o.s.boot.web.embedded.tomcat.TomcatWebServer - Tomcat initialized with port(s): 8080 (http)
2023-04-24 10:36:22.884 [main] INFO  org.apache.coyote.http11.Http11NioProtocol - Initializing ProtocolHandler ["http-nio-8080"]
2023-04-24 10:36:22.885 [main] INFO  org.apache.catalina.core.StandardService - Starting service [Tomcat]
2023-04-24 10:36:22.885 [main] INFO  org.apache.catalina.core.StandardEngine - Starting Servlet engine: [Apache Tomcat/10.1.7]
2023-04-24 10:36:22.961 [main] INFO  o.a.c.core.ContainerBase.[Tomcat].[localhost].[/] - Initializing Spring embedded WebApplicationContext
2023-04-24 10:36:22.961 [main] INFO  o.s.b.w.s.c.ServletWebServerApplicationContext - Root WebApplicationContext: initialization completed in 1364 ms
2023-04-24 10:36:23.426 [main] INFO  org.apache.catalina.core.StandardService - Stopping service [Tomcat]
2023-04-24 10:36:23.437 [main] INFO  o.s.b.a.logging.ConditionEvaluationReportLogger - 

Error starting ApplicationContext. To display the condition evaluation report re-run your application with 'debug' enabled.
2023-04-24 10:38:06.455 [background-preinit] INFO  org.hibernate.validator.internal.util.Version - HV000001: Hibernate Validator 8.0.0.Final
2023-04-24 10:38:06.487 [main] INFO  top.lilong.ServerApplication - Starting ServerApplication using Java 17.0.5 with PID 26676 (E:\nangong\大三\practise\api-boot2\api-server\target\classes started by 李龙 in E:\nangong\大三\practise\api-boot2)
2023-04-24 10:38:06.488 [main] INFO  top.lilong.ServerApplication - The following 1 profile is active: "dev"
2023-04-24 10:38:07.237 [main] INFO  o.s.d.r.config.RepositoryConfigurationDelegate - Multiple Spring Data modules found, entering strict repository configuration mode
2023-04-24 10:38:07.239 [main] INFO  o.s.d.r.config.RepositoryConfigurationDelegate - Bootstrapping Spring Data Redis repositories in DEFAULT mode.
2023-04-24 10:38:07.273 [main] INFO  o.s.d.r.config.RepositoryConfigurationDelegate - Finished Spring Data repository scanning in 20 ms. Found 0 Redis repository interfaces.
2023-04-24 10:38:07.890 [main] INFO  o.s.boot.web.embedded.tomcat.TomcatWebServer - Tomcat initialized with port(s): 8080 (http)
2023-04-24 10:38:07.898 [main] INFO  org.apache.coyote.http11.Http11NioProtocol - Initializing ProtocolHandler ["http-nio-8080"]
2023-04-24 10:38:07.898 [main] INFO  org.apache.catalina.core.StandardService - Starting service [Tomcat]
2023-04-24 10:38:07.899 [main] INFO  org.apache.catalina.core.StandardEngine - Starting Servlet engine: [Apache Tomcat/10.1.7]
2023-04-24 10:38:07.974 [main] INFO  o.a.c.core.ContainerBase.[Tomcat].[localhost].[/] - Initializing Spring embedded WebApplicationContext
2023-04-24 10:38:07.974 [main] INFO  o.s.b.w.s.c.ServletWebServerApplicationContext - Root WebApplicationContext: initialization completed in 1451 ms
2023-04-24 10:38:08.446 [main] INFO  org.apache.catalina.core.StandardService - Stopping service [Tomcat]
2023-04-24 10:38:08.456 [main] INFO  o.s.b.a.logging.ConditionEvaluationReportLogger - 

Error starting ApplicationContext. To display the condition evaluation report re-run your application with 'debug' enabled.
2023-04-24 10:39:47.297 [background-preinit] INFO  org.hibernate.validator.internal.util.Version - HV000001: Hibernate Validator 8.0.0.Final
2023-04-24 10:39:47.338 [main] INFO  top.lilong.ServerApplication - Starting ServerApplication using Java 17.0.5 with PID 9312 (E:\nangong\大三\practise\api-boot2\api-server\target\classes started by 李龙 in E:\nangong\大三\practise\api-boot2)
2023-04-24 10:39:47.339 [main] INFO  top.lilong.ServerApplication - The following 1 profile is active: "dev"
2023-04-24 10:39:48.094 [main] INFO  o.s.d.r.config.RepositoryConfigurationDelegate - Multiple Spring Data modules found, entering strict repository configuration mode
2023-04-24 10:39:48.096 [main] INFO  o.s.d.r.config.RepositoryConfigurationDelegate - Bootstrapping Spring Data Redis repositories in DEFAULT mode.
2023-04-24 10:39:48.126 [main] INFO  o.s.d.r.config.RepositoryConfigurationDelegate - Finished Spring Data repository scanning in 18 ms. Found 0 Redis repository interfaces.
2023-04-24 10:39:48.748 [main] INFO  o.s.boot.web.embedded.tomcat.TomcatWebServer - Tomcat initialized with port(s): 8080 (http)
2023-04-24 10:39:48.756 [main] INFO  org.apache.coyote.http11.Http11NioProtocol - Initializing ProtocolHandler ["http-nio-8080"]
2023-04-24 10:39:48.756 [main] INFO  org.apache.catalina.core.StandardService - Starting service [Tomcat]
2023-04-24 10:39:48.757 [main] INFO  org.apache.catalina.core.StandardEngine - Starting Servlet engine: [Apache Tomcat/10.1.7]
2023-04-24 10:39:48.833 [main] INFO  o.a.c.core.ContainerBase.[Tomcat].[localhost].[/] - Initializing Spring embedded WebApplicationContext
2023-04-24 10:39:48.833 [main] INFO  o.s.b.w.s.c.ServletWebServerApplicationContext - Root WebApplicationContext: initialization completed in 1454 ms
2023-04-24 10:39:49.313 [main] INFO  org.apache.catalina.core.StandardService - Stopping service [Tomcat]
2023-04-24 10:39:49.322 [main] INFO  o.s.b.a.logging.ConditionEvaluationReportLogger - 

Error starting ApplicationContext. To display the condition evaluation report re-run your application with 'debug' enabled.
2023-04-24 10:40:19.518 [background-preinit] INFO  org.hibernate.validator.internal.util.Version - HV000001: Hibernate Validator 8.0.0.Final
2023-04-24 10:40:19.567 [main] INFO  top.lilong.ServerApplication - Starting ServerApplication using Java 17.0.5 with PID 33860 (E:\nangong\大三\practise\api-boot2\api-server\target\classes started by 李龙 in E:\nangong\大三\practise\api-boot2)
2023-04-24 10:40:19.567 [main] INFO  top.lilong.ServerApplication - The following 1 profile is active: "dev"
2023-04-24 10:40:20.387 [main] INFO  o.s.d.r.config.RepositoryConfigurationDelegate - Multiple Spring Data modules found, entering strict repository configuration mode
2023-04-24 10:40:20.390 [main] INFO  o.s.d.r.config.RepositoryConfigurationDelegate - Bootstrapping Spring Data Redis repositories in DEFAULT mode.
2023-04-24 10:40:20.419 [main] INFO  o.s.d.r.config.RepositoryConfigurationDelegate - Finished Spring Data repository scanning in 17 ms. Found 0 Redis repository interfaces.
2023-04-24 10:40:21.148 [main] INFO  o.s.boot.web.embedded.tomcat.TomcatWebServer - Tomcat initialized with port(s): 8080 (http)
2023-04-24 10:40:21.155 [main] INFO  org.apache.coyote.http11.Http11NioProtocol - Initializing ProtocolHandler ["http-nio-8080"]
2023-04-24 10:40:21.157 [main] INFO  org.apache.catalina.core.StandardService - Starting service [Tomcat]
2023-04-24 10:40:21.157 [main] INFO  org.apache.catalina.core.StandardEngine - Starting Servlet engine: [Apache Tomcat/10.1.7]
2023-04-24 10:40:21.260 [main] INFO  o.a.c.core.ContainerBase.[Tomcat].[localhost].[/] - Initializing Spring embedded WebApplicationContext
2023-04-24 10:40:21.261 [main] INFO  o.s.b.w.s.c.ServletWebServerApplicationContext - Root WebApplicationContext: initialization completed in 1658 ms
2023-04-24 10:40:21.779 [main] INFO  org.apache.catalina.core.StandardService - Stopping service [Tomcat]
2023-04-24 10:40:21.791 [main] INFO  o.s.b.a.logging.ConditionEvaluationReportLogger - 

Error starting ApplicationContext. To display the condition evaluation report re-run your application with 'debug' enabled.
2023-04-24 10:42:12.181 [background-preinit] INFO  org.hibernate.validator.internal.util.Version - HV000001: Hibernate Validator 8.0.0.Final
2023-04-24 10:42:12.244 [main] INFO  top.lilong.ServerApplication - Starting ServerApplication using Java 17.0.5 with PID 23496 (E:\nangong\大三\practise\api-boot2\api-server\target\classes started by 李龙 in E:\nangong\大三\practise\api-boot2)
2023-04-24 10:42:12.245 [main] INFO  top.lilong.ServerApplication - The following 1 profile is active: "dev"
2023-04-24 10:42:12.996 [main] INFO  o.s.d.r.config.RepositoryConfigurationDelegate - Multiple Spring Data modules found, entering strict repository configuration mode
2023-04-24 10:42:12.998 [main] INFO  o.s.d.r.config.RepositoryConfigurationDelegate - Bootstrapping Spring Data Redis repositories in DEFAULT mode.
2023-04-24 10:42:13.025 [main] INFO  o.s.d.r.config.RepositoryConfigurationDelegate - Finished Spring Data repository scanning in 15 ms. Found 0 Redis repository interfaces.
2023-04-24 10:42:13.601 [main] INFO  o.s.boot.web.embedded.tomcat.TomcatWebServer - Tomcat initialized with port(s): 8080 (http)
2023-04-24 10:42:13.609 [main] INFO  org.apache.coyote.http11.Http11NioProtocol - Initializing ProtocolHandler ["http-nio-8080"]
2023-04-24 10:42:13.609 [main] INFO  org.apache.catalina.core.StandardService - Starting service [Tomcat]
2023-04-24 10:42:13.609 [main] INFO  org.apache.catalina.core.StandardEngine - Starting Servlet engine: [Apache Tomcat/10.1.7]
2023-04-24 10:42:13.684 [main] INFO  o.a.c.core.ContainerBase.[Tomcat].[localhost].[/] - Initializing Spring embedded WebApplicationContext
2023-04-24 10:42:13.685 [main] INFO  o.s.b.w.s.c.ServletWebServerApplicationContext - Root WebApplicationContext: initialization completed in 1397 ms
2023-04-24 10:42:14.148 [main] INFO  org.apache.catalina.core.StandardService - Stopping service [Tomcat]
2023-04-24 10:42:14.158 [main] INFO  o.s.b.a.logging.ConditionEvaluationReportLogger - 

Error starting ApplicationContext. To display the condition evaluation report re-run your application with 'debug' enabled.
2023-04-24 10:48:52.666 [background-preinit] INFO  org.hibernate.validator.internal.util.Version - HV000001: Hibernate Validator 8.0.0.Final
2023-04-24 10:48:52.721 [main] INFO  top.lilong.ServerApplication - Starting ServerApplication using Java 17.0.5 with PID 27652 (E:\nangong\大三\practise\api-boot2\api-server\target\classes started by 李龙 in E:\nangong\大三\practise\api-boot2)
2023-04-24 10:48:52.723 [main] INFO  top.lilong.ServerApplication - The following 1 profile is active: "dev"
2023-04-24 10:48:53.956 [main] INFO  o.s.d.r.config.RepositoryConfigurationDelegate - Multiple Spring Data modules found, entering strict repository configuration mode
2023-04-24 10:48:53.959 [main] INFO  o.s.d.r.config.RepositoryConfigurationDelegate - Bootstrapping Spring Data Redis repositories in DEFAULT mode.
2023-04-24 10:48:53.998 [main] INFO  o.s.d.r.config.RepositoryConfigurationDelegate - Finished Spring Data repository scanning in 25 ms. Found 0 Redis repository interfaces.
2023-04-24 10:48:54.889 [main] INFO  o.s.boot.web.embedded.tomcat.TomcatWebServer - Tomcat initialized with port(s): 8080 (http)
2023-04-24 10:48:54.899 [main] INFO  org.apache.coyote.http11.Http11NioProtocol - Initializing ProtocolHandler ["http-nio-8080"]
2023-04-24 10:48:54.900 [main] INFO  org.apache.catalina.core.StandardService - Starting service [Tomcat]
2023-04-24 10:48:54.900 [main] INFO  org.apache.catalina.core.StandardEngine - Starting Servlet engine: [Apache Tomcat/10.1.7]
2023-04-24 10:48:55.139 [main] INFO  o.a.c.core.ContainerBase.[Tomcat].[localhost].[/] - Initializing Spring embedded WebApplicationContext
2023-04-24 10:48:55.140 [main] INFO  o.s.b.w.s.c.ServletWebServerApplicationContext - Root WebApplicationContext: initialization completed in 2327 ms
2023-04-24 10:48:55.690 [main] INFO  org.apache.catalina.core.StandardService - Stopping service [Tomcat]
2023-04-24 10:48:55.702 [main] INFO  o.s.b.a.logging.ConditionEvaluationReportLogger - 

Error starting ApplicationContext. To display the condition evaluation report re-run your application with 'debug' enabled.
2023-04-24 10:51:15.112 [background-preinit] INFO  org.hibernate.validator.internal.util.Version - HV000001: Hibernate Validator 8.0.0.Final
2023-04-24 10:51:15.149 [main] INFO  top.lilong.ServerApplication - Starting ServerApplication using Java 17.0.5 with PID 34332 (E:\nangong\大三\practise\api-boot2\api-server\target\classes started by 李龙 in E:\nangong\大三\practise\api-boot2)
2023-04-24 10:51:15.151 [main] INFO  top.lilong.ServerApplication - The following 1 profile is active: "dev"
2023-04-24 10:51:15.892 [main] INFO  o.s.d.r.config.RepositoryConfigurationDelegate - Multiple Spring Data modules found, entering strict repository configuration mode
2023-04-24 10:51:15.894 [main] INFO  o.s.d.r.config.RepositoryConfigurationDelegate - Bootstrapping Spring Data Redis repositories in DEFAULT mode.
2023-04-24 10:51:15.921 [main] INFO  o.s.d.r.config.RepositoryConfigurationDelegate - Finished Spring Data repository scanning in 16 ms. Found 0 Redis repository interfaces.
2023-04-24 10:51:16.504 [main] INFO  o.s.boot.web.embedded.tomcat.TomcatWebServer - Tomcat initialized with port(s): 8080 (http)
2023-04-24 10:51:16.513 [main] INFO  org.apache.coyote.http11.Http11NioProtocol - Initializing ProtocolHandler ["http-nio-8080"]
2023-04-24 10:51:16.514 [main] INFO  org.apache.catalina.core.StandardService - Starting service [Tomcat]
2023-04-24 10:51:16.514 [main] INFO  org.apache.catalina.core.StandardEngine - Starting Servlet engine: [Apache Tomcat/10.1.7]
2023-04-24 10:51:16.613 [main] INFO  o.a.c.core.ContainerBase.[Tomcat].[localhost].[/] - Initializing Spring embedded WebApplicationContext
2023-04-24 10:51:16.614 [main] INFO  o.s.b.w.s.c.ServletWebServerApplicationContext - Root WebApplicationContext: initialization completed in 1428 ms
2023-04-24 10:51:17.073 [main] INFO  org.apache.catalina.core.StandardService - Stopping service [Tomcat]
2023-04-24 10:51:17.083 [main] INFO  o.s.b.a.logging.ConditionEvaluationReportLogger - 

Error starting ApplicationContext. To display the condition evaluation report re-run your application with 'debug' enabled.
2023-04-24 10:55:21.212 [background-preinit] INFO  org.hibernate.validator.internal.util.Version - HV000001: Hibernate Validator 8.0.0.Final
2023-04-24 10:55:21.273 [main] INFO  top.lilong.ServerApplication - Starting ServerApplication using Java 17.0.5 with PID 34860 (E:\nangong\大三\practise\api-boot2\api-server\target\classes started by 李龙 in E:\nangong\大三\practise\api-boot2)
2023-04-24 10:55:21.274 [main] INFO  top.lilong.ServerApplication - The following 1 profile is active: "dev"
2023-04-24 10:55:22.043 [main] INFO  o.s.d.r.config.RepositoryConfigurationDelegate - Multiple Spring Data modules found, entering strict repository configuration mode
2023-04-24 10:55:22.046 [main] INFO  o.s.d.r.config.RepositoryConfigurationDelegate - Bootstrapping Spring Data Redis repositories in DEFAULT mode.
2023-04-24 10:55:22.075 [main] INFO  o.s.d.r.config.RepositoryConfigurationDelegate - Finished Spring Data repository scanning in 17 ms. Found 0 Redis repository interfaces.
2023-04-24 10:55:22.691 [main] INFO  o.s.boot.web.embedded.tomcat.TomcatWebServer - Tomcat initialized with port(s): 8080 (http)
2023-04-24 10:55:22.699 [main] INFO  org.apache.coyote.http11.Http11NioProtocol - Initializing ProtocolHandler ["http-nio-8080"]
2023-04-24 10:55:22.700 [main] INFO  org.apache.catalina.core.StandardService - Starting service [Tomcat]
2023-04-24 10:55:22.700 [main] INFO  org.apache.catalina.core.StandardEngine - Starting Servlet engine: [Apache Tomcat/10.1.7]
2023-04-24 10:55:22.789 [main] INFO  o.a.c.core.ContainerBase.[Tomcat].[localhost].[/] - Initializing Spring embedded WebApplicationContext
2023-04-24 10:55:22.789 [main] INFO  o.s.b.w.s.c.ServletWebServerApplicationContext - Root WebApplicationContext: initialization completed in 1474 ms
2023-04-24 10:55:24.501 [main] INFO  o.s.security.web.DefaultSecurityFilterChain - Will secure any request with [org.springframework.security.web.session.DisableEncodeUrlFilter@1ed52f44, org.springframework.security.web.context.request.async.WebAsyncManagerIntegrationFilter@771afdd5, org.springframework.security.web.context.SecurityContextHolderFilter@72d16d6, org.springframework.security.web.header.HeaderWriterFilter@36453773, org.springframework.security.web.authentication.logout.LogoutFilter@3855b27e, top.lilong.security.filter.AuthenticationTokenFilter@7c421952, org.springframework.security.web.savedrequest.RequestCacheAwareFilter@4f2d8175, org.springframework.security.web.servletapi.SecurityContextHolderAwareRequestFilter@44618fe6, org.springframework.security.web.authentication.AnonymousAuthenticationFilter@3abadb65, org.springframework.security.web.session.SessionManagementFilter@6f976c, org.springframework.security.web.access.ExceptionTranslationFilter@6c19769c, org.springframework.security.web.access.intercept.AuthorizationFilter@119f072c]
2023-04-24 10:55:24.841 [main] INFO  org.apache.coyote.http11.Http11NioProtocol - Starting ProtocolHandler ["http-nio-8080"]
2023-04-24 10:55:24.861 [main] INFO  o.s.boot.web.embedded.tomcat.TomcatWebServer - Tomcat started on port(s): 8080 (http) with context path ''
2023-04-24 10:55:24.870 [main] INFO  top.lilong.ServerApplication - Started ServerApplication in 4.136 seconds (process running for 5.118)
2023-04-24 10:55:29.082 [SpringApplicationShutdownHook] INFO  c.a.c.s.boot.oss.context.OssApplicationListener - 0 OSSClients will be shutdown soon
2023-04-24 14:57:52.209 [background-preinit] INFO  org.hibernate.validator.internal.util.Version - HV000001: Hibernate Validator 8.0.0.Final
2023-04-24 14:57:52.261 [main] INFO  top.lilong.ServerApplication - Starting ServerApplication using Java 17.0.5 with PID 34640 (E:\nangong\大三\practise\api-boot2\api-server\target\classes started by 李龙 in E:\nangong\大三\practise\api-boot2)
2023-04-24 14:57:52.262 [main] INFO  top.lilong.ServerApplication - The following 1 profile is active: "dev"
2023-04-24 14:57:53.133 [main] INFO  o.s.d.r.config.RepositoryConfigurationDelegate - Multiple Spring Data modules found, entering strict repository configuration mode
2023-04-24 14:57:53.135 [main] INFO  o.s.d.r.config.RepositoryConfigurationDelegate - Bootstrapping Spring Data Redis repositories in DEFAULT mode.
2023-04-24 14:57:53.177 [main] INFO  o.s.d.r.config.RepositoryConfigurationDelegate - Finished Spring Data repository scanning in 18 ms. Found 0 Redis repository interfaces.
2023-04-24 14:57:53.857 [main] INFO  o.s.boot.web.embedded.tomcat.TomcatWebServer - Tomcat initialized with port(s): 8080 (http)
2023-04-24 14:57:53.866 [main] INFO  org.apache.coyote.http11.Http11NioProtocol - Initializing ProtocolHandler ["http-nio-8080"]
2023-04-24 14:57:53.866 [main] INFO  org.apache.catalina.core.StandardService - Starting service [Tomcat]
2023-04-24 14:57:53.866 [main] INFO  org.apache.catalina.core.StandardEngine - Starting Servlet engine: [Apache Tomcat/10.1.7]
2023-04-24 14:57:53.960 [main] INFO  o.a.c.core.ContainerBase.[Tomcat].[localhost].[/] - Initializing Spring embedded WebApplicationContext
2023-04-24 14:57:53.960 [main] INFO  o.s.b.w.s.c.ServletWebServerApplicationContext - Root WebApplicationContext: initialization completed in 1651 ms
2023-04-24 14:57:55.789 [main] INFO  o.s.security.web.DefaultSecurityFilterChain - Will secure any request with [org.springframework.security.web.session.DisableEncodeUrlFilter@2b1a1a37, org.springframework.security.web.context.request.async.WebAsyncManagerIntegrationFilter@7d90764a, org.springframework.security.web.context.SecurityContextHolderFilter@6c56fff, org.springframework.security.web.header.HeaderWriterFilter@6f22c1f1, org.springframework.security.web.authentication.logout.LogoutFilter@45451333, top.lilong.security.filter.AuthenticationTokenFilter@182cc69e, org.springframework.security.web.savedrequest.RequestCacheAwareFilter@62de20d3, org.springframework.security.web.servletapi.SecurityContextHolderAwareRequestFilter@6109d880, org.springframework.security.web.authentication.AnonymousAuthenticationFilter@6843fdc4, org.springframework.security.web.session.SessionManagementFilter@5e3cb58e, org.springframework.security.web.access.ExceptionTranslationFilter@72288480, org.springframework.security.web.access.intercept.AuthorizationFilter@59b1edab]
2023-04-24 14:57:56.153 [main] INFO  org.apache.coyote.http11.Http11NioProtocol - Starting ProtocolHandler ["http-nio-8080"]
2023-04-24 14:57:56.174 [main] INFO  o.s.boot.web.embedded.tomcat.TomcatWebServer - Tomcat started on port(s): 8080 (http) with context path ''
2023-04-24 14:57:56.184 [main] INFO  top.lilong.ServerApplication - Started ServerApplication in 4.439 seconds (process running for 5.585)
2023-04-24 14:58:46.623 [http-nio-8080-exec-1] INFO  o.a.c.core.ContainerBase.[Tomcat].[localhost].[/] - Initializing Spring DispatcherServlet 'dispatcherServlet'
2023-04-24 14:58:46.623 [http-nio-8080-exec-1] INFO  org.springframework.web.servlet.DispatcherServlet - Initializing Servlet 'dispatcherServlet'
2023-04-24 14:58:46.624 [http-nio-8080-exec-1] INFO  org.springframework.web.servlet.DispatcherServlet - Completed initialization in 1 ms
2023-04-24 14:58:46.855 [http-nio-8080-exec-4] INFO  com.zaxxer.hikari.HikariDataSource - MakuHikariCP - Starting...
2023-04-24 14:58:47.001 [http-nio-8080-exec-4] INFO  com.zaxxer.hikari.pool.HikariPool - MakuHikariCP - Added connection com.mysql.cj.jdbc.ConnectionImpl@50b853e4
2023-04-24 14:58:47.002 [http-nio-8080-exec-4] INFO  com.zaxxer.hikari.HikariDataSource - MakuHikariCP - Start completed.
2023-04-24 18:57:30.118 [SpringApplicationShutdownHook] INFO  c.a.c.s.boot.oss.context.OssApplicationListener - 0 OSSClients will be shutdown soon
2023-04-24 18:57:30.304 [SpringApplicationShutdownHook] INFO  com.zaxxer.hikari.HikariDataSource - MakuHikariCP - Shutdown initiated...
2023-04-24 18:57:30.307 [SpringApplicationShutdownHook] INFO  com.zaxxer.hikari.HikariDataSource - MakuHikariCP - Shutdown completed.
2023-04-24 20:59:29.067 [background-preinit] INFO  org.hibernate.validator.internal.util.Version - HV000001: Hibernate Validator 8.0.0.Final
2023-04-24 20:59:29.112 [main] INFO  top.lilong.ServerApplication - Starting ServerApplication using Java 17.0.5 with PID 33316 (E:\nangong\大三\practise\api-boot2\api-server\target\classes started by 李龙 in E:\nangong\大三\practise\api-boot2)
2023-04-24 20:59:29.113 [main] INFO  top.lilong.ServerApplication - The following 1 profile is active: "dev"
2023-04-24 20:59:29.996 [main] INFO  o.s.d.r.config.RepositoryConfigurationDelegate - Multiple Spring Data modules found, entering strict repository configuration mode
2023-04-24 20:59:29.999 [main] INFO  o.s.d.r.config.RepositoryConfigurationDelegate - Bootstrapping Spring Data Redis repositories in DEFAULT mode.
2023-04-24 20:59:30.035 [main] INFO  o.s.d.r.config.RepositoryConfigurationDelegate - Finished Spring Data repository scanning in 20 ms. Found 0 Redis repository interfaces.
2023-04-24 20:59:30.697 [main] INFO  o.s.boot.web.embedded.tomcat.TomcatWebServer - Tomcat initialized with port(s): 8080 (http)
2023-04-24 20:59:30.705 [main] INFO  org.apache.coyote.http11.Http11NioProtocol - Initializing ProtocolHandler ["http-nio-8080"]
2023-04-24 20:59:30.706 [main] INFO  org.apache.catalina.core.StandardService - Starting service [Tomcat]
2023-04-24 20:59:30.706 [main] INFO  org.apache.catalina.core.StandardEngine - Starting Servlet engine: [Apache Tomcat/10.1.7]
2023-04-24 20:59:30.793 [main] INFO  o.a.c.core.ContainerBase.[Tomcat].[localhost].[/] - Initializing Spring embedded WebApplicationContext
2023-04-24 20:59:30.794 [main] INFO  o.s.b.w.s.c.ServletWebServerApplicationContext - Root WebApplicationContext: initialization completed in 1645 ms
2023-04-24 20:59:32.681 [main] INFO  o.s.security.web.DefaultSecurityFilterChain - Will secure any request with [org.springframework.security.web.session.DisableEncodeUrlFilter@79424f25, org.springframework.security.web.context.request.async.WebAsyncManagerIntegrationFilter@5fd4e67f, org.springframework.security.web.context.SecurityContextHolderFilter@6abb44cb, org.springframework.security.web.header.HeaderWriterFilter@5bccef9f, org.springframework.security.web.authentication.logout.LogoutFilter@19213a74, top.lilong.security.filter.AuthenticationTokenFilter@68a426c3, org.springframework.security.web.savedrequest.RequestCacheAwareFilter@5e3cb58e, org.springframework.security.web.servletapi.SecurityContextHolderAwareRequestFilter@18f8e2e0, org.springframework.security.web.authentication.AnonymousAuthenticationFilter@59b1edab, org.springframework.security.web.session.SessionManagementFilter@434d001d, org.springframework.security.web.access.ExceptionTranslationFilter@2a0c244e, org.springframework.security.web.access.intercept.AuthorizationFilter@3f033664]
2023-04-24 20:59:33.166 [main] INFO  org.apache.coyote.http11.Http11NioProtocol - Starting ProtocolHandler ["http-nio-8080"]
2023-04-24 20:59:33.193 [main] INFO  o.s.boot.web.embedded.tomcat.TomcatWebServer - Tomcat started on port(s): 8080 (http) with context path ''
2023-04-24 20:59:33.203 [main] INFO  top.lilong.ServerApplication - Started ServerApplication in 4.573 seconds (process running for 5.768)
2023-04-24 21:00:30.732 [http-nio-8080-exec-1] INFO  o.a.c.core.ContainerBase.[Tomcat].[localhost].[/] - Initializing Spring DispatcherServlet 'dispatcherServlet'
2023-04-24 21:00:30.733 [http-nio-8080-exec-1] INFO  org.springframework.web.servlet.DispatcherServlet - Initializing Servlet 'dispatcherServlet'
2023-04-24 21:00:30.737 [http-nio-8080-exec-1] INFO  org.springframework.web.servlet.DispatcherServlet - Completed initialization in 4 ms
2023-04-24 21:00:31.899 [http-nio-8080-exec-2] INFO  com.zaxxer.hikari.HikariDataSource - MakuHikariCP - Starting...
2023-04-24 21:00:32.110 [http-nio-8080-exec-2] INFO  com.zaxxer.hikari.pool.HikariPool - MakuHikariCP - Added connection com.mysql.cj.jdbc.ConnectionImpl@19b690b4
2023-04-24 21:00:32.112 [http-nio-8080-exec-2] INFO  com.zaxxer.hikari.HikariDataSource - MakuHikariCP - Start completed.
2023-04-24 21:16:27.416 [SpringApplicationShutdownHook] INFO  c.a.c.s.boot.oss.context.OssApplicationListener - 0 OSSClients will be shutdown soon
2023-04-24 21:16:27.473 [SpringApplicationShutdownHook] INFO  com.zaxxer.hikari.HikariDataSource - MakuHikariCP - Shutdown initiated...
2023-04-24 21:16:27.479 [SpringApplicationShutdownHook] INFO  com.zaxxer.hikari.HikariDataSource - MakuHikariCP - Shutdown completed.
2023-04-24 21:17:32.235 [background-preinit] INFO  org.hibernate.validator.internal.util.Version - HV000001: Hibernate Validator 8.0.0.Final
2023-04-24 21:17:32.291 [main] INFO  top.lilong.ServerApplication - Starting ServerApplication using Java 17.0.5 with PID 11224 (E:\nangong\大三\practise\api-boot2\api-server\target\classes started by 李龙 in E:\nangong\大三\practise\api-boot2)
2023-04-24 21:17:32.293 [main] INFO  top.lilong.ServerApplication - The following 1 profile is active: "dev"
2023-04-24 21:17:33.082 [main] INFO  o.s.d.r.config.RepositoryConfigurationDelegate - Multiple Spring Data modules found, entering strict repository configuration mode
2023-04-24 21:17:33.087 [main] INFO  o.s.d.r.config.RepositoryConfigurationDelegate - Bootstrapping Spring Data Redis repositories in DEFAULT mode.
2023-04-24 21:17:33.121 [main] INFO  o.s.d.r.config.RepositoryConfigurationDelegate - Finished Spring Data repository scanning in 20 ms. Found 0 Redis repository interfaces.
2023-04-24 21:17:33.746 [main] INFO  o.s.boot.web.embedded.tomcat.TomcatWebServer - Tomcat initialized with port(s): 8080 (http)
2023-04-24 21:17:33.753 [main] INFO  org.apache.coyote.http11.Http11NioProtocol - Initializing ProtocolHandler ["http-nio-8080"]
2023-04-24 21:17:33.754 [main] INFO  org.apache.catalina.core.StandardService - Starting service [Tomcat]
2023-04-24 21:17:33.754 [main] INFO  org.apache.catalina.core.StandardEngine - Starting Servlet engine: [Apache Tomcat/10.1.7]
2023-04-24 21:17:33.852 [main] INFO  o.a.c.core.ContainerBase.[Tomcat].[localhost].[/] - Initializing Spring embedded WebApplicationContext
2023-04-24 21:17:33.853 [main] INFO  o.s.b.w.s.c.ServletWebServerApplicationContext - Root WebApplicationContext: initialization completed in 1515 ms
2023-04-24 21:17:35.617 [main] INFO  o.s.security.web.DefaultSecurityFilterChain - Will secure any request with [org.springframework.security.web.session.DisableEncodeUrlFilter@667dd150, org.springframework.security.web.context.request.async.WebAsyncManagerIntegrationFilter@af04f09, org.springframework.security.web.context.SecurityContextHolderFilter@796fe2b5, org.springframework.security.web.header.HeaderWriterFilter@18f8e2e0, org.springframework.security.web.authentication.logout.LogoutFilter@147375b3, top.lilong.security.filter.AuthenticationTokenFilter@17d2b646, org.springframework.security.web.savedrequest.RequestCacheAwareFilter@123c48d0, org.springframework.security.web.servletapi.SecurityContextHolderAwareRequestFilter@14fff5e7, org.springframework.security.web.authentication.AnonymousAuthenticationFilter@758d4aa9, org.springframework.security.web.session.SessionManagementFilter@4f2d8175, org.springframework.security.web.access.ExceptionTranslationFilter@41ddec69, org.springframework.security.web.access.intercept.AuthorizationFilter@3abadb65]
2023-04-24 21:17:36.041 [main] INFO  org.apache.coyote.http11.Http11NioProtocol - Starting ProtocolHandler ["http-nio-8080"]
2023-04-24 21:17:36.066 [main] INFO  o.s.boot.web.embedded.tomcat.TomcatWebServer - Tomcat started on port(s): 8080 (http) with context path ''
2023-04-24 21:17:36.075 [main] INFO  top.lilong.ServerApplication - Started ServerApplication in 4.292 seconds (process running for 5.313)
2023-04-24 21:17:39.974 [http-nio-8080-exec-1] INFO  o.a.c.core.ContainerBase.[Tomcat].[localhost].[/] - Initializing Spring DispatcherServlet 'dispatcherServlet'
2023-04-24 21:17:39.974 [http-nio-8080-exec-1] INFO  org.springframework.web.servlet.DispatcherServlet - Initializing Servlet 'dispatcherServlet'
2023-04-24 21:17:39.976 [http-nio-8080-exec-1] INFO  org.springframework.web.servlet.DispatcherServlet - Completed initialization in 1 ms
2023-04-24 21:22:43.988 [http-nio-8080-exec-12] INFO  com.zaxxer.hikari.HikariDataSource - MakuHikariCP - Starting...
2023-04-24 21:22:44.259 [http-nio-8080-exec-12] INFO  com.zaxxer.hikari.pool.HikariPool - MakuHikariCP - Added connection com.mysql.cj.jdbc.ConnectionImpl@72bdbc6c
2023-04-24 21:22:44.261 [http-nio-8080-exec-12] INFO  com.zaxxer.hikari.HikariDataSource - MakuHikariCP - Start completed.
2023-04-24 21:27:37.990 [SpringApplicationShutdownHook] INFO  c.a.c.s.boot.oss.context.OssApplicationListener - 0 OSSClients will be shutdown soon
2023-04-24 21:27:38.045 [SpringApplicationShutdownHook] INFO  com.zaxxer.hikari.HikariDataSource - MakuHikariCP - Shutdown initiated...
2023-04-24 21:27:38.050 [SpringApplicationShutdownHook] INFO  com.zaxxer.hikari.HikariDataSource - MakuHikariCP - Shutdown completed.
2023-04-24 21:27:44.666 [background-preinit] INFO  org.hibernate.validator.internal.util.Version - HV000001: Hibernate Validator 8.0.0.Final
2023-04-24 21:27:44.718 [main] INFO  top.lilong.ServerApplication - Starting ServerApplication using Java 17.0.5 with PID 25904 (E:\nangong\大三\practise\api-boot2\api-server\target\classes started by 李龙 in E:\nangong\大三\practise\api-boot2)
2023-04-24 21:27:44.719 [main] INFO  top.lilong.ServerApplication - The following 1 profile is active: "dev"
2023-04-24 21:27:45.481 [main] INFO  o.s.d.r.config.RepositoryConfigurationDelegate - Multiple Spring Data modules found, entering strict repository configuration mode
2023-04-24 21:27:45.483 [main] INFO  o.s.d.r.config.RepositoryConfigurationDelegate - Bootstrapping Spring Data Redis repositories in DEFAULT mode.
2023-04-24 21:27:45.513 [main] INFO  o.s.d.r.config.RepositoryConfigurationDelegate - Finished Spring Data repository scanning in 18 ms. Found 0 Redis repository interfaces.
2023-04-24 21:27:46.240 [main] INFO  o.s.boot.web.embedded.tomcat.TomcatWebServer - Tomcat initialized with port(s): 8080 (http)
2023-04-24 21:27:46.248 [main] INFO  org.apache.coyote.http11.Http11NioProtocol - Initializing ProtocolHandler ["http-nio-8080"]
2023-04-24 21:27:46.248 [main] INFO  org.apache.catalina.core.StandardService - Starting service [Tomcat]
2023-04-24 21:27:46.249 [main] INFO  org.apache.catalina.core.StandardEngine - Starting Servlet engine: [Apache Tomcat/10.1.7]
2023-04-24 21:27:46.337 [main] INFO  o.a.c.core.ContainerBase.[Tomcat].[localhost].[/] - Initializing Spring embedded WebApplicationContext
2023-04-24 21:27:46.338 [main] INFO  o.s.b.w.s.c.ServletWebServerApplicationContext - Root WebApplicationContext: initialization completed in 1578 ms
2023-04-24 21:27:48.205 [main] INFO  o.s.security.web.DefaultSecurityFilterChain - Will secure any request with [org.springframework.security.web.session.DisableEncodeUrlFilter@54a5496f, org.springframework.security.web.context.request.async.WebAsyncManagerIntegrationFilter@3a116ca6, org.springframework.security.web.context.SecurityContextHolderFilter@4e357792, org.springframework.security.web.header.HeaderWriterFilter@120d13ae, org.springframework.security.web.authentication.logout.LogoutFilter@4ab90d01, top.lilong.security.filter.AuthenticationTokenFilter@754de353, org.springframework.security.web.savedrequest.RequestCacheAwareFilter@4e6280de, org.springframework.security.web.servletapi.SecurityContextHolderAwareRequestFilter@2fca282c, org.springframework.security.web.authentication.AnonymousAuthenticationFilter@12bcf7c6, org.springframework.security.web.session.SessionManagementFilter@6c8e5ac4, org.springframework.security.web.access.ExceptionTranslationFilter@4db568e1, org.springframework.security.web.access.intercept.AuthorizationFilter@57f725b8]
2023-04-24 21:27:48.558 [main] INFO  org.apache.coyote.http11.Http11NioProtocol - Starting ProtocolHandler ["http-nio-8080"]
2023-04-24 21:27:48.578 [main] INFO  o.s.boot.web.embedded.tomcat.TomcatWebServer - Tomcat started on port(s): 8080 (http) with context path ''
2023-04-24 21:27:48.587 [main] INFO  top.lilong.ServerApplication - Started ServerApplication in 4.392 seconds (process running for 5.677)
2023-04-24 21:27:52.734 [http-nio-8080-exec-1] INFO  o.a.c.core.ContainerBase.[Tomcat].[localhost].[/] - Initializing Spring DispatcherServlet 'dispatcherServlet'
2023-04-24 21:27:52.734 [http-nio-8080-exec-1] INFO  org.springframework.web.servlet.DispatcherServlet - Initializing Servlet 'dispatcherServlet'
2023-04-24 21:27:52.737 [http-nio-8080-exec-1] INFO  org.springframework.web.servlet.DispatcherServlet - Completed initialization in 2 ms
2023-04-24 21:27:57.335 [http-nio-8080-exec-4] INFO  com.zaxxer.hikari.HikariDataSource - MakuHikariCP - Starting...
2023-04-24 21:27:57.582 [http-nio-8080-exec-4] INFO  com.zaxxer.hikari.pool.HikariPool - MakuHikariCP - Added connection com.mysql.cj.jdbc.ConnectionImpl@2ee548a9
2023-04-24 21:27:57.584 [http-nio-8080-exec-4] INFO  com.zaxxer.hikari.HikariDataSource - MakuHikariCP - Start completed.
2023-04-24 21:28:21.111 [SpringApplicationShutdownHook] INFO  c.a.c.s.boot.oss.context.OssApplicationListener - 0 OSSClients will be shutdown soon
2023-04-24 21:28:21.179 [SpringApplicationShutdownHook] INFO  com.zaxxer.hikari.HikariDataSource - MakuHikariCP - Shutdown initiated...
2023-04-24 21:28:21.183 [SpringApplicationShutdownHook] INFO  com.zaxxer.hikari.HikariDataSource - MakuHikariCP - Shutdown completed.
